INFO - 2024-07-17 18:29:09 --> Session: Class initialized using 'CodeIgniter\Session\Handlers\FileHandler' driver.
CRITICAL - 2024-07-17 18:29:09 --> ParseError: syntax error, unexpected token "endif", expecting end of file
[Method: GET, Route: registro]
in APPPATH\Views\Back\Usuario\Registro.php on line 16.
 1 SYSTEMPATH\View\View.php(237): CodeIgniter\View\View->CodeIgniter\View\{closure}()
 2 SYSTEMPATH\Common.php(1171): CodeIgniter\View\View->render('Back/Usuario/Registro', [], true)
 3 APPPATH\Controllers\Home.php(36): view('Back/Usuario/Registro')
 4 SYSTEMPATH\CodeIgniter.php(933): App\Controllers\Home->registro()
 5 SYSTEMPATH\CodeIgniter.php(509): CodeIgniter\CodeIgniter->runController(Object(App\Controllers\Home))
 6 SYSTEMPATH\CodeIgniter.php(355): CodeIgniter\CodeIgniter->handleRequest(null, Object(Config\Cache), false)
 7 SYSTEMPATH\Boot.php(325): CodeIgniter\CodeIgniter->run()
 8 SYSTEMPATH\Boot.php(67): CodeIgniter\Boot::runCodeIgniter(Object(CodeIgniter\CodeIgniter))
 9 FCPATH\index.php(57): CodeIgniter\Boot::bootWeb(Object(Config\Paths))
INFO - 2024-07-17 18:30:55 --> Session: Class initialized using 'CodeIgniter\Session\Handlers\FileHandler' driver.
CRITICAL - 2024-07-17 18:30:55 --> ParseError: Unclosed '{' on line 68
[Method: GET, Route: registro]
in APPPATH\Views\Back\Usuario\Registro.php on line 89.
 1 SYSTEMPATH\View\View.php(237): CodeIgniter\View\View->CodeIgniter\View\{closure}()
 2 SYSTEMPATH\Common.php(1171): CodeIgniter\View\View->render('Back/Usuario/Registro', [], true)
 3 APPPATH\Controllers\Home.php(36): view('Back/Usuario/Registro')
 4 SYSTEMPATH\CodeIgniter.php(933): App\Controllers\Home->registro()
 5 SYSTEMPATH\CodeIgniter.php(509): CodeIgniter\CodeIgniter->runController(Object(App\Controllers\Home))
 6 SYSTEMPATH\CodeIgniter.php(355): CodeIgniter\CodeIgniter->handleRequest(null, Object(Config\Cache), false)
 7 SYSTEMPATH\Boot.php(325): CodeIgniter\CodeIgniter->run()
 8 SYSTEMPATH\Boot.php(67): CodeIgniter\Boot::runCodeIgniter(Object(CodeIgniter\CodeIgniter))
 9 FCPATH\index.php(57): CodeIgniter\Boot::bootWeb(Object(Config\Paths))
INFO - 2024-07-17 18:30:57 --> Session: Class initialized using 'CodeIgniter\Session\Handlers\FileHandler' driver.
CRITICAL - 2024-07-17 18:30:57 --> ParseError: Unclosed '{' on line 68
[Method: GET, Route: registro]
in APPPATH\Views\Back\Usuario\Registro.php on line 89.
 1 SYSTEMPATH\View\View.php(237): CodeIgniter\View\View->CodeIgniter\View\{closure}()
 2 SYSTEMPATH\Common.php(1171): CodeIgniter\View\View->render('Back/Usuario/Registro', [], true)
 3 APPPATH\Controllers\Home.php(36): view('Back/Usuario/Registro')
 4 SYSTEMPATH\CodeIgniter.php(933): App\Controllers\Home->registro()
 5 SYSTEMPATH\CodeIgniter.php(509): CodeIgniter\CodeIgniter->runController(Object(App\Controllers\Home))
 6 SYSTEMPATH\CodeIgniter.php(355): CodeIgniter\CodeIgniter->handleRequest(null, Object(Config\Cache), false)
 7 SYSTEMPATH\Boot.php(325): CodeIgniter\CodeIgniter->run()
 8 SYSTEMPATH\Boot.php(67): CodeIgniter\Boot::runCodeIgniter(Object(CodeIgniter\CodeIgniter))
 9 FCPATH\index.php(57): CodeIgniter\Boot::bootWeb(Object(Config\Paths))
INFO - 2024-07-17 18:33:16 --> Session: Class initialized using 'CodeIgniter\Session\Handlers\FileHandler' driver.
CRITICAL - 2024-07-17 18:33:16 --> ParseError: Unclosed '{' on line 68
[Method: GET, Route: registro]
in APPPATH\Views\Back\Usuario\Registro.php on line 82.
 1 SYSTEMPATH\View\View.php(237): CodeIgniter\View\View->CodeIgniter\View\{closure}()
 2 SYSTEMPATH\Common.php(1171): CodeIgniter\View\View->render('Back/Usuario/Registro', [], true)
 3 APPPATH\Controllers\Home.php(36): view('Back/Usuario/Registro')
 4 SYSTEMPATH\CodeIgniter.php(933): App\Controllers\Home->registro()
 5 SYSTEMPATH\CodeIgniter.php(509): CodeIgniter\CodeIgniter->runController(Object(App\Controllers\Home))
 6 SYSTEMPATH\CodeIgniter.php(355): CodeIgniter\CodeIgniter->handleRequest(null, Object(Config\Cache), false)
 7 SYSTEMPATH\Boot.php(325): CodeIgniter\CodeIgniter->run()
 8 SYSTEMPATH\Boot.php(67): CodeIgniter\Boot::runCodeIgniter(Object(CodeIgniter\CodeIgniter))
 9 FCPATH\index.php(57): CodeIgniter\Boot::bootWeb(Object(Config\Paths))
INFO - 2024-07-17 18:34:41 --> Session: Class initialized using 'CodeIgniter\Session\Handlers\FileHandler' driver.
CRITICAL - 2024-07-17 18:34:41 --> ParseError: Unclosed '{' on line 57
[Method: GET, Route: registro]
in APPPATH\Views\Back\Usuario\Registro.php on line 73.
 1 SYSTEMPATH\View\View.php(237): CodeIgniter\View\View->CodeIgniter\View\{closure}()
 2 SYSTEMPATH\Common.php(1171): CodeIgniter\View\View->render('Back/Usuario/Registro', [], true)
 3 APPPATH\Controllers\Home.php(36): view('Back/Usuario/Registro')
 4 SYSTEMPATH\CodeIgniter.php(933): App\Controllers\Home->registro()
 5 SYSTEMPATH\CodeIgniter.php(509): CodeIgniter\CodeIgniter->runController(Object(App\Controllers\Home))
 6 SYSTEMPATH\CodeIgniter.php(355): CodeIgniter\CodeIgniter->handleRequest(null, Object(Config\Cache), false)
 7 SYSTEMPATH\Boot.php(325): CodeIgniter\CodeIgniter->run()
 8 SYSTEMPATH\Boot.php(67): CodeIgniter\Boot::runCodeIgniter(Object(CodeIgniter\CodeIgniter))
 9 FCPATH\index.php(57): CodeIgniter\Boot::bootWeb(Object(Config\Paths))
INFO - 2024-07-17 18:34:42 --> Session: Class initialized using 'CodeIgniter\Session\Handlers\FileHandler' driver.
CRITICAL - 2024-07-17 18:34:42 --> ParseError: Unclosed '{' on line 57
[Method: GET, Route: registro]
in APPPATH\Views\Back\Usuario\Registro.php on line 73.
 1 SYSTEMPATH\View\View.php(237): CodeIgniter\View\View->CodeIgniter\View\{closure}()
 2 SYSTEMPATH\Common.php(1171): CodeIgniter\View\View->render('Back/Usuario/Registro', [], true)
 3 APPPATH\Controllers\Home.php(36): view('Back/Usuario/Registro')
 4 SYSTEMPATH\CodeIgniter.php(933): App\Controllers\Home->registro()
 5 SYSTEMPATH\CodeIgniter.php(509): CodeIgniter\CodeIgniter->runController(Object(App\Controllers\Home))
 6 SYSTEMPATH\CodeIgniter.php(355): CodeIgniter\CodeIgniter->handleRequest(null, Object(Config\Cache), false)
 7 SYSTEMPATH\Boot.php(325): CodeIgniter\CodeIgniter->run()
 8 SYSTEMPATH\Boot.php(67): CodeIgniter\Boot::runCodeIgniter(Object(CodeIgniter\CodeIgniter))
 9 FCPATH\index.php(57): CodeIgniter\Boot::bootWeb(Object(Config\Paths))
INFO - 2024-07-17 18:34:43 --> Session: Class initialized using 'CodeIgniter\Session\Handlers\FileHandler' driver.
CRITICAL - 2024-07-17 18:34:43 --> ParseError: Unclosed '{' on line 57
[Method: GET, Route: registro]
in APPPATH\Views\Back\Usuario\Registro.php on line 73.
 1 SYSTEMPATH\View\View.php(237): CodeIgniter\View\View->CodeIgniter\View\{closure}()
 2 SYSTEMPATH\Common.php(1171): CodeIgniter\View\View->render('Back/Usuario/Registro', [], true)
 3 APPPATH\Controllers\Home.php(36): view('Back/Usuario/Registro')
 4 SYSTEMPATH\CodeIgniter.php(933): App\Controllers\Home->registro()
 5 SYSTEMPATH\CodeIgniter.php(509): CodeIgniter\CodeIgniter->runController(Object(App\Controllers\Home))
 6 SYSTEMPATH\CodeIgniter.php(355): CodeIgniter\CodeIgniter->handleRequest(null, Object(Config\Cache), false)
 7 SYSTEMPATH\Boot.php(325): CodeIgniter\CodeIgniter->run()
 8 SYSTEMPATH\Boot.php(67): CodeIgniter\Boot::runCodeIgniter(Object(CodeIgniter\CodeIgniter))
 9 FCPATH\index.php(57): CodeIgniter\Boot::bootWeb(Object(Config\Paths))
INFO - 2024-07-17 18:41:51 --> Session: Class initialized using 'CodeIgniter\Session\Handlers\FileHandler' driver.
CRITICAL - 2024-07-17 18:41:51 --> ParseError: Unclosed '{' on line 66
[Method: GET, Route: registro]
in APPPATH\Views\Back\Usuario\Registro.php on line 80.
 1 SYSTEMPATH\View\View.php(237): CodeIgniter\View\View->CodeIgniter\View\{closure}()
 2 SYSTEMPATH\Common.php(1171): CodeIgniter\View\View->render('Back/Usuario/Registro', [], true)
 3 APPPATH\Controllers\Home.php(36): view('Back/Usuario/Registro')
 4 SYSTEMPATH\CodeIgniter.php(933): App\Controllers\Home->registro()
 5 SYSTEMPATH\CodeIgniter.php(509): CodeIgniter\CodeIgniter->runController(Object(App\Controllers\Home))
 6 SYSTEMPATH\CodeIgniter.php(355): CodeIgniter\CodeIgniter->handleRequest(null, Object(Config\Cache), false)
 7 SYSTEMPATH\Boot.php(325): CodeIgniter\CodeIgniter->run()
 8 SYSTEMPATH\Boot.php(67): CodeIgniter\Boot::runCodeIgniter(Object(CodeIgniter\CodeIgniter))
 9 FCPATH\index.php(57): CodeIgniter\Boot::bootWeb(Object(Config\Paths))
INFO - 2024-07-17 18:41:52 --> Session: Class initialized using 'CodeIgniter\Session\Handlers\FileHandler' driver.
CRITICAL - 2024-07-17 18:41:52 --> ParseError: Unclosed '{' on line 66
[Method: GET, Route: registro]
in APPPATH\Views\Back\Usuario\Registro.php on line 80.
 1 SYSTEMPATH\View\View.php(237): CodeIgniter\View\View->CodeIgniter\View\{closure}()
 2 SYSTEMPATH\Common.php(1171): CodeIgniter\View\View->render('Back/Usuario/Registro', [], true)
 3 APPPATH\Controllers\Home.php(36): view('Back/Usuario/Registro')
 4 SYSTEMPATH\CodeIgniter.php(933): App\Controllers\Home->registro()
 5 SYSTEMPATH\CodeIgniter.php(509): CodeIgniter\CodeIgniter->runController(Object(App\Controllers\Home))
 6 SYSTEMPATH\CodeIgniter.php(355): CodeIgniter\CodeIgniter->handleRequest(null, Object(Config\Cache), false)
 7 SYSTEMPATH\Boot.php(325): CodeIgniter\CodeIgniter->run()
 8 SYSTEMPATH\Boot.php(67): CodeIgniter\Boot::runCodeIgniter(Object(CodeIgniter\CodeIgniter))
 9 FCPATH\index.php(57): CodeIgniter\Boot::bootWeb(Object(Config\Paths))
INFO - 2024-07-17 18:41:53 --> Session: Class initialized using 'CodeIgniter\Session\Handlers\FileHandler' driver.
CRITICAL - 2024-07-17 18:41:53 --> ParseError: Unclosed '{' on line 66
[Method: GET, Route: registro]
in APPPATH\Views\Back\Usuario\Registro.php on line 80.
 1 SYSTEMPATH\View\View.php(237): CodeIgniter\View\View->CodeIgniter\View\{closure}()
 2 SYSTEMPATH\Common.php(1171): CodeIgniter\View\View->render('Back/Usuario/Registro', [], true)
 3 APPPATH\Controllers\Home.php(36): view('Back/Usuario/Registro')
 4 SYSTEMPATH\CodeIgniter.php(933): App\Controllers\Home->registro()
 5 SYSTEMPATH\CodeIgniter.php(509): CodeIgniter\CodeIgniter->runController(Object(App\Controllers\Home))
 6 SYSTEMPATH\CodeIgniter.php(355): CodeIgniter\CodeIgniter->handleRequest(null, Object(Config\Cache), false)
 7 SYSTEMPATH\Boot.php(325): CodeIgniter\CodeIgniter->run()
 8 SYSTEMPATH\Boot.php(67): CodeIgniter\Boot::runCodeIgniter(Object(CodeIgniter\CodeIgniter))
 9 FCPATH\index.php(57): CodeIgniter\Boot::bootWeb(Object(Config\Paths))
INFO - 2024-07-17 18:41:53 --> Session: Class initialized using 'CodeIgniter\Session\Handlers\FileHandler' driver.
CRITICAL - 2024-07-17 18:41:53 --> ParseError: Unclosed '{' on line 66
[Method: GET, Route: registro]
in APPPATH\Views\Back\Usuario\Registro.php on line 80.
 1 SYSTEMPATH\View\View.php(237): CodeIgniter\View\View->CodeIgniter\View\{closure}()
 2 SYSTEMPATH\Common.php(1171): CodeIgniter\View\View->render('Back/Usuario/Registro', [], true)
 3 APPPATH\Controllers\Home.php(36): view('Back/Usuario/Registro')
 4 SYSTEMPATH\CodeIgniter.php(933): App\Controllers\Home->registro()
 5 SYSTEMPATH\CodeIgniter.php(509): CodeIgniter\CodeIgniter->runController(Object(App\Controllers\Home))
 6 SYSTEMPATH\CodeIgniter.php(355): CodeIgniter\CodeIgniter->handleRequest(null, Object(Config\Cache), false)
 7 SYSTEMPATH\Boot.php(325): CodeIgniter\CodeIgniter->run()
 8 SYSTEMPATH\Boot.php(67): CodeIgniter\Boot::runCodeIgniter(Object(CodeIgniter\CodeIgniter))
 9 FCPATH\index.php(57): CodeIgniter\Boot::bootWeb(Object(Config\Paths))
INFO - 2024-07-17 18:41:53 --> Session: Class initialized using 'CodeIgniter\Session\Handlers\FileHandler' driver.
CRITICAL - 2024-07-17 18:41:53 --> ParseError: Unclosed '{' on line 66
[Method: GET, Route: registro]
in APPPATH\Views\Back\Usuario\Registro.php on line 80.
 1 SYSTEMPATH\View\View.php(237): CodeIgniter\View\View->CodeIgniter\View\{closure}()
 2 SYSTEMPATH\Common.php(1171): CodeIgniter\View\View->render('Back/Usuario/Registro', [], true)
 3 APPPATH\Controllers\Home.php(36): view('Back/Usuario/Registro')
 4 SYSTEMPATH\CodeIgniter.php(933): App\Controllers\Home->registro()
 5 SYSTEMPATH\CodeIgniter.php(509): CodeIgniter\CodeIgniter->runController(Object(App\Controllers\Home))
 6 SYSTEMPATH\CodeIgniter.php(355): CodeIgniter\CodeIgniter->handleRequest(null, Object(Config\Cache), false)
 7 SYSTEMPATH\Boot.php(325): CodeIgniter\CodeIgniter->run()
 8 SYSTEMPATH\Boot.php(67): CodeIgniter\Boot::runCodeIgniter(Object(CodeIgniter\CodeIgniter))
 9 FCPATH\index.php(57): CodeIgniter\Boot::bootWeb(Object(Config\Paths))
INFO - 2024-07-17 18:41:53 --> Session: Class initialized using 'CodeIgniter\Session\Handlers\FileHandler' driver.
CRITICAL - 2024-07-17 18:41:53 --> ParseError: Unclosed '{' on line 66
[Method: GET, Route: registro]
in APPPATH\Views\Back\Usuario\Registro.php on line 80.
 1 SYSTEMPATH\View\View.php(237): CodeIgniter\View\View->CodeIgniter\View\{closure}()
 2 SYSTEMPATH\Common.php(1171): CodeIgniter\View\View->render('Back/Usuario/Registro', [], true)
 3 APPPATH\Controllers\Home.php(36): view('Back/Usuario/Registro')
 4 SYSTEMPATH\CodeIgniter.php(933): App\Controllers\Home->registro()
 5 SYSTEMPATH\CodeIgniter.php(509): CodeIgniter\CodeIgniter->runController(Object(App\Controllers\Home))
 6 SYSTEMPATH\CodeIgniter.php(355): CodeIgniter\CodeIgniter->handleRequest(null, Object(Config\Cache), false)
 7 SYSTEMPATH\Boot.php(325): CodeIgniter\CodeIgniter->run()
 8 SYSTEMPATH\Boot.php(67): CodeIgniter\Boot::runCodeIgniter(Object(CodeIgniter\CodeIgniter))
 9 FCPATH\index.php(57): CodeIgniter\Boot::bootWeb(Object(Config\Paths))
INFO - 2024-07-17 18:41:54 --> Session: Class initialized using 'CodeIgniter\Session\Handlers\FileHandler' driver.
CRITICAL - 2024-07-17 18:41:54 --> ParseError: Unclosed '{' on line 66
[Method: GET, Route: registro]
in APPPATH\Views\Back\Usuario\Registro.php on line 80.
 1 SYSTEMPATH\View\View.php(237): CodeIgniter\View\View->CodeIgniter\View\{closure}()
 2 SYSTEMPATH\Common.php(1171): CodeIgniter\View\View->render('Back/Usuario/Registro', [], true)
 3 APPPATH\Controllers\Home.php(36): view('Back/Usuario/Registro')
 4 SYSTEMPATH\CodeIgniter.php(933): App\Controllers\Home->registro()
 5 SYSTEMPATH\CodeIgniter.php(509): CodeIgniter\CodeIgniter->runController(Object(App\Controllers\Home))
 6 SYSTEMPATH\CodeIgniter.php(355): CodeIgniter\CodeIgniter->handleRequest(null, Object(Config\Cache), false)
 7 SYSTEMPATH\Boot.php(325): CodeIgniter\CodeIgniter->run()
 8 SYSTEMPATH\Boot.php(67): CodeIgniter\Boot::runCodeIgniter(Object(CodeIgniter\CodeIgniter))
 9 FCPATH\index.php(57): CodeIgniter\Boot::bootWeb(Object(Config\Paths))
INFO - 2024-07-17 18:41:54 --> Session: Class initialized using 'CodeIgniter\Session\Handlers\FileHandler' driver.
CRITICAL - 2024-07-17 18:41:54 --> ParseError: Unclosed '{' on line 66
[Method: GET, Route: registro]
in APPPATH\Views\Back\Usuario\Registro.php on line 80.
 1 SYSTEMPATH\View\View.php(237): CodeIgniter\View\View->CodeIgniter\View\{closure}()
 2 SYSTEMPATH\Common.php(1171): CodeIgniter\View\View->render('Back/Usuario/Registro', [], true)
 3 APPPATH\Controllers\Home.php(36): view('Back/Usuario/Registro')
 4 SYSTEMPATH\CodeIgniter.php(933): App\Controllers\Home->registro()
 5 SYSTEMPATH\CodeIgniter.php(509): CodeIgniter\CodeIgniter->runController(Object(App\Controllers\Home))
 6 SYSTEMPATH\CodeIgniter.php(355): CodeIgniter\CodeIgniter->handleRequest(null, Object(Config\Cache), false)
 7 SYSTEMPATH\Boot.php(325): CodeIgniter\CodeIgniter->run()
 8 SYSTEMPATH\Boot.php(67): CodeIgniter\Boot::runCodeIgniter(Object(CodeIgniter\CodeIgniter))
 9 FCPATH\index.php(57): CodeIgniter\Boot::bootWeb(Object(Config\Paths))
INFO - 2024-07-17 18:41:54 --> Session: Class initialized using 'CodeIgniter\Session\Handlers\FileHandler' driver.
CRITICAL - 2024-07-17 18:41:54 --> ParseError: Unclosed '{' on line 66
[Method: GET, Route: registro]
in APPPATH\Views\Back\Usuario\Registro.php on line 80.
 1 SYSTEMPATH\View\View.php(237): CodeIgniter\View\View->CodeIgniter\View\{closure}()
 2 SYSTEMPATH\Common.php(1171): CodeIgniter\View\View->render('Back/Usuario/Registro', [], true)
 3 APPPATH\Controllers\Home.php(36): view('Back/Usuario/Registro')
 4 SYSTEMPATH\CodeIgniter.php(933): App\Controllers\Home->registro()
 5 SYSTEMPATH\CodeIgniter.php(509): CodeIgniter\CodeIgniter->runController(Object(App\Controllers\Home))
 6 SYSTEMPATH\CodeIgniter.php(355): CodeIgniter\CodeIgniter->handleRequest(null, Object(Config\Cache), false)
 7 SYSTEMPATH\Boot.php(325): CodeIgniter\CodeIgniter->run()
 8 SYSTEMPATH\Boot.php(67): CodeIgniter\Boot::runCodeIgniter(Object(CodeIgniter\CodeIgniter))
 9 FCPATH\index.php(57): CodeIgniter\Boot::bootWeb(Object(Config\Paths))
INFO - 2024-07-17 18:45:19 --> Session: Class initialized using 'CodeIgniter\Session\Handlers\FileHandler' driver.
INFO - 2024-07-17 18:45:35 --> Session: Class initialized using 'CodeIgniter\Session\Handlers\FileHandler' driver.
INFO - 2024-07-17 18:46:04 --> Session: Class initialized using 'CodeIgniter\Session\Handlers\FileHandler' driver.
INFO - 2024-07-17 18:47:18 --> Session: Class initialized using 'CodeIgniter\Session\Handlers\FileHandler' driver.
INFO - 2024-07-17 18:48:18 --> Session: Class initialized using 'CodeIgniter\Session\Handlers\FileHandler' driver.
CRITICAL - 2024-07-17 18:48:18 --> ParseError: Unclosed '{' on line 67
[Method: GET, Route: registro]
in APPPATH\Views\Back\Usuario\Registro.php on line 80.
 1 SYSTEMPATH\View\View.php(237): CodeIgniter\View\View->CodeIgniter\View\{closure}()
 2 SYSTEMPATH\Common.php(1171): CodeIgniter\View\View->render('Back/Usuario/Registro', [], true)
 3 APPPATH\Controllers\Home.php(36): view('Back/Usuario/Registro')
 4 SYSTEMPATH\CodeIgniter.php(933): App\Controllers\Home->registro()
 5 SYSTEMPATH\CodeIgniter.php(509): CodeIgniter\CodeIgniter->runController(Object(App\Controllers\Home))
 6 SYSTEMPATH\CodeIgniter.php(355): CodeIgniter\CodeIgniter->handleRequest(null, Object(Config\Cache), false)
 7 SYSTEMPATH\Boot.php(325): CodeIgniter\CodeIgniter->run()
 8 SYSTEMPATH\Boot.php(67): CodeIgniter\Boot::runCodeIgniter(Object(CodeIgniter\CodeIgniter))
 9 FCPATH\index.php(57): CodeIgniter\Boot::bootWeb(Object(Config\Paths))
INFO - 2024-07-17 18:49:04 --> Session: Class initialized using 'CodeIgniter\Session\Handlers\FileHandler' driver.
CRITICAL - 2024-07-17 18:49:04 --> ParseError: Unclosed '{' on line 67
[Method: GET, Route: registro]
in APPPATH\Views\Back\Usuario\Registro.php on line 81.
 1 SYSTEMPATH\View\View.php(237): CodeIgniter\View\View->CodeIgniter\View\{closure}()
 2 SYSTEMPATH\Common.php(1171): CodeIgniter\View\View->render('Back/Usuario/Registro', [], true)
 3 APPPATH\Controllers\Home.php(36): view('Back/Usuario/Registro')
 4 SYSTEMPATH\CodeIgniter.php(933): App\Controllers\Home->registro()
 5 SYSTEMPATH\CodeIgniter.php(509): CodeIgniter\CodeIgniter->runController(Object(App\Controllers\Home))
 6 SYSTEMPATH\CodeIgniter.php(355): CodeIgniter\CodeIgniter->handleRequest(null, Object(Config\Cache), false)
 7 SYSTEMPATH\Boot.php(325): CodeIgniter\CodeIgniter->run()
 8 SYSTEMPATH\Boot.php(67): CodeIgniter\Boot::runCodeIgniter(Object(CodeIgniter\CodeIgniter))
 9 FCPATH\index.php(57): CodeIgniter\Boot::bootWeb(Object(Config\Paths))
INFO - 2024-07-17 18:49:06 --> Session: Class initialized using 'CodeIgniter\Session\Handlers\FileHandler' driver.
CRITICAL - 2024-07-17 18:49:06 --> ParseError: Unclosed '{' on line 67
[Method: GET, Route: registro]
in APPPATH\Views\Back\Usuario\Registro.php on line 81.
 1 SYSTEMPATH\View\View.php(237): CodeIgniter\View\View->CodeIgniter\View\{closure}()
 2 SYSTEMPATH\Common.php(1171): CodeIgniter\View\View->render('Back/Usuario/Registro', [], true)
 3 APPPATH\Controllers\Home.php(36): view('Back/Usuario/Registro')
 4 SYSTEMPATH\CodeIgniter.php(933): App\Controllers\Home->registro()
 5 SYSTEMPATH\CodeIgniter.php(509): CodeIgniter\CodeIgniter->runController(Object(App\Controllers\Home))
 6 SYSTEMPATH\CodeIgniter.php(355): CodeIgniter\CodeIgniter->handleRequest(null, Object(Config\Cache), false)
 7 SYSTEMPATH\Boot.php(325): CodeIgniter\CodeIgniter->run()
 8 SYSTEMPATH\Boot.php(67): CodeIgniter\Boot::runCodeIgniter(Object(CodeIgniter\CodeIgniter))
 9 FCPATH\index.php(57): CodeIgniter\Boot::bootWeb(Object(Config\Paths))
INFO - 2024-07-17 18:49:35 --> Session: Class initialized using 'CodeIgniter\Session\Handlers\FileHandler' driver.
CRITICAL - 2024-07-17 18:49:35 --> ParseError: Unclosed '{' on line 67
[Method: GET, Route: registro]
in APPPATH\Views\Back\Usuario\Registro.php on line 82.
 1 SYSTEMPATH\View\View.php(237): CodeIgniter\View\View->CodeIgniter\View\{closure}()
 2 SYSTEMPATH\Common.php(1171): CodeIgniter\View\View->render('Back/Usuario/Registro', [], true)
 3 APPPATH\Controllers\Home.php(36): view('Back/Usuario/Registro')
 4 SYSTEMPATH\CodeIgniter.php(933): App\Controllers\Home->registro()
 5 SYSTEMPATH\CodeIgniter.php(509): CodeIgniter\CodeIgniter->runController(Object(App\Controllers\Home))
 6 SYSTEMPATH\CodeIgniter.php(355): CodeIgniter\CodeIgniter->handleRequest(null, Object(Config\Cache), false)
 7 SYSTEMPATH\Boot.php(325): CodeIgniter\CodeIgniter->run()
 8 SYSTEMPATH\Boot.php(67): CodeIgniter\Boot::runCodeIgniter(Object(CodeIgniter\CodeIgniter))
 9 FCPATH\index.php(57): CodeIgniter\Boot::bootWeb(Object(Config\Paths))
INFO - 2024-07-17 18:50:11 --> Session: Class initialized using 'CodeIgniter\Session\Handlers\FileHandler' driver.
INFO - 2024-07-17 18:51:21 --> Session: Class initialized using 'CodeIgniter\Session\Handlers\FileHandler' driver.
CRITICAL - 2024-07-17 18:51:21 --> ParseError: Unclosed '{' on line 67
[Method: GET, Route: registro]
in APPPATH\Views\Back\Usuario\Registro.php on line 82.
 1 SYSTEMPATH\View\View.php(237): CodeIgniter\View\View->CodeIgniter\View\{closure}()
 2 SYSTEMPATH\Common.php(1171): CodeIgniter\View\View->render('Back/Usuario/Registro', [], true)
 3 APPPATH\Controllers\Home.php(36): view('Back/Usuario/Registro')
 4 SYSTEMPATH\CodeIgniter.php(933): App\Controllers\Home->registro()
 5 SYSTEMPATH\CodeIgniter.php(509): CodeIgniter\CodeIgniter->runController(Object(App\Controllers\Home))
 6 SYSTEMPATH\CodeIgniter.php(355): CodeIgniter\CodeIgniter->handleRequest(null, Object(Config\Cache), false)
 7 SYSTEMPATH\Boot.php(325): CodeIgniter\CodeIgniter->run()
 8 SYSTEMPATH\Boot.php(67): CodeIgniter\Boot::runCodeIgniter(Object(CodeIgniter\CodeIgniter))
 9 FCPATH\index.php(57): CodeIgniter\Boot::bootWeb(Object(Config\Paths))
INFO - 2024-07-17 18:51:30 --> Session: Class initialized using 'CodeIgniter\Session\Handlers\FileHandler' driver.
INFO - 2024-07-17 18:51:55 --> Session: Class initialized using 'CodeIgniter\Session\Handlers\FileHandler' driver.
CRITICAL - 2024-07-17 18:51:55 --> ParseError: Unclosed '{' on line 23
[Method: GET, Route: registro]
in APPPATH\Views\Back\Usuario\Registro.php on line 39.
 1 SYSTEMPATH\View\View.php(237): CodeIgniter\View\View->CodeIgniter\View\{closure}()
 2 SYSTEMPATH\Common.php(1171): CodeIgniter\View\View->render('Back/Usuario/Registro', [], true)
 3 APPPATH\Controllers\Home.php(36): view('Back/Usuario/Registro')
 4 SYSTEMPATH\CodeIgniter.php(933): App\Controllers\Home->registro()
 5 SYSTEMPATH\CodeIgniter.php(509): CodeIgniter\CodeIgniter->runController(Object(App\Controllers\Home))
 6 SYSTEMPATH\CodeIgniter.php(355): CodeIgniter\CodeIgniter->handleRequest(null, Object(Config\Cache), false)
 7 SYSTEMPATH\Boot.php(325): CodeIgniter\CodeIgniter->run()
 8 SYSTEMPATH\Boot.php(67): CodeIgniter\Boot::runCodeIgniter(Object(CodeIgniter\CodeIgniter))
 9 FCPATH\index.php(57): CodeIgniter\Boot::bootWeb(Object(Config\Paths))
INFO - 2024-07-17 18:53:19 --> Session: Class initialized using 'CodeIgniter\Session\Handlers\FileHandler' driver.
INFO - 2024-07-17 18:56:17 --> Session: Class initialized using 'CodeIgniter\Session\Handlers\FileHandler' driver.
INFO - 2024-07-17 18:59:57 --> Session: Class initialized using 'CodeIgniter\Session\Handlers\FileHandler' driver.
INFO - 2024-07-17 19:01:41 --> Session: Class initialized using 'CodeIgniter\Session\Handlers\FileHandler' driver.
INFO - 2024-07-17 19:01:52 --> Session: Class initialized using 'CodeIgniter\Session\Handlers\FileHandler' driver.
INFO - 2024-07-17 19:01:57 --> Session: Class initialized using 'CodeIgniter\Session\Handlers\FileHandler' driver.
INFO - 2024-07-17 19:38:28 --> Session: Class initialized using 'CodeIgniter\Session\Handlers\FileHandler' driver.
INFO - 2024-07-17 19:38:33 --> Session: Class initialized using 'CodeIgniter\Session\Handlers\FileHandler' driver.
INFO - 2024-07-17 19:50:16 --> Session: Class initialized using 'CodeIgniter\Session\Handlers\FileHandler' driver.
INFO - 2024-07-17 19:50:23 --> Session: Class initialized using 'CodeIgniter\Session\Handlers\FileHandler' driver.
INFO - 2024-07-17 19:50:27 --> Session: Class initialized using 'CodeIgniter\Session\Handlers\FileHandler' driver.
INFO - 2024-07-17 19:52:23 --> Session: Class initialized using 'CodeIgniter\Session\Handlers\FileHandler' driver.
INFO - 2024-07-17 19:52:30 --> Session: Class initialized using 'CodeIgniter\Session\Handlers\FileHandler' driver.
INFO - 2024-07-17 19:52:36 --> Session: Class initialized using 'CodeIgniter\Session\Handlers\FileHandler' driver.
INFO - 2024-07-17 19:52:38 --> Session: Class initialized using 'CodeIgniter\Session\Handlers\FileHandler' driver.
INFO - 2024-07-17 19:57:54 --> Session: Class initialized using 'CodeIgniter\Session\Handlers\FileHandler' driver.
INFO - 2024-07-17 19:58:00 --> Session: Class initialized using 'CodeIgniter\Session\Handlers\FileHandler' driver.
INFO - 2024-07-17 20:09:53 --> Session: Class initialized using 'CodeIgniter\Session\Handlers\FileHandler' driver.
INFO - 2024-07-17 20:09:54 --> Session: Class initialized using 'CodeIgniter\Session\Handlers\FileHandler' driver.
INFO - 2024-07-17 20:10:01 --> Session: Class initialized using 'CodeIgniter\Session\Handlers\FileHandler' driver.
INFO - 2024-07-17 20:11:39 --> Session: Class initialized using 'CodeIgniter\Session\Handlers\FileHandler' driver.
INFO - 2024-07-17 20:20:04 --> Session: Class initialized using 'CodeIgniter\Session\Handlers\FileHandler' driver.
